2022-01-03 09:57:50,829 [Worker-2] INFO  c.g.t.t.d.PublishedGradleVersions - Gradle version information cache is up-to-date. Trying to read.
2022-01-03 09:58:33,101 [Worker-16] INFO  o.e.m.c.i.l.LifecycleMappingFactory - Using org.eclipse.m2e.jdt.JarLifecycleMapping lifecycle mapping for MavenProject: com.init:resume:1.0.0-BUILD-SNAPSHOT @ C:\Work\RemoteSystemsTempFiles\init-resume-main\pom.xml.
2022-01-03 09:58:41,769 [Worker-16] INFO  o.e.m.j.i.AbstractJavaProjectConfigurator - Adding source folder /init-resume-main/src/main/java
2022-01-03 09:58:41,771 [Worker-16] INFO  o.e.m.j.i.AbstractJavaProjectConfigurator - Adding resource folder /init-resume-main/src/main/resources
2022-01-03 09:58:41,773 [Worker-16] INFO  o.e.m.j.i.AbstractJavaProjectConfigurator - Adding source folder /init-resume-main/src/test/java
2022-01-03 09:58:41,777 [Worker-16] INFO  o.e.m.j.i.AbstractJavaProjectConfigurator - Adding resource folder /init-resume-main/src/test/resources
2022-01-03 09:58:42,283 [Worker-16] INFO  o.e.m.c.i.p.ProjectConfigurationManager - Imported and configured 1 project(s) in 18 sec
2022-01-03 09:58:52,380 [Worker-3] WARN  o.e.m.c.i.embedder.EclipseLogger - Using platform encoding (UTF-8 actually) to copy filtered resources, i.e. build is platform dependent!
2022-01-03 09:58:52,401 [Worker-3] INFO  o.e.m.c.i.embedder.EclipseLogger - Copying 19 resources
2022-01-03 09:58:52,757 [Worker-3] WARN  o.e.m.c.i.embedder.EclipseLogger - Using platform encoding (UTF-8 actually) to copy filtered resources, i.e. build is platform dependent!
2022-01-03 09:58:52,759 [Worker-3] INFO  o.e.m.c.i.embedder.EclipseLogger - Copying 1 resource
2022-01-03 10:13:12,228 [Worker-25] INFO  o.e.m.c.i.l.LifecycleMappingFactory - Using org.eclipse.m2e.jdt.JarLifecycleMapping lifecycle mapping for MavenProject: com.init:resume:1.0.0-BUILD-SNAPSHOT @ C:\Work\init-resume-main\pom.xml.
2022-01-03 10:13:14,192 [Worker-25] INFO  o.e.m.j.i.AbstractJavaProjectConfigurator - Adding source folder /resume/src/main/java
2022-01-03 10:13:14,193 [Worker-25] INFO  o.e.m.j.i.AbstractJavaProjectConfigurator - Adding resource folder /resume/src/main/resources
2022-01-03 10:13:14,195 [Worker-25] INFO  o.e.m.j.i.AbstractJavaProjectConfigurator - Adding source folder /resume/src/test/java
2022-01-03 10:13:14,195 [Worker-25] INFO  o.e.m.j.i.AbstractJavaProjectConfigurator - Adding resource folder /resume/src/test/resources
2022-01-03 10:13:14,478 [Worker-25] INFO  o.e.m.c.i.p.ProjectConfigurationManager - Imported and configured 1 project(s) in 3 sec
2022-01-03 10:13:20,078 [Worker-25] WARN  o.e.m.c.i.embedder.EclipseLogger - Using platform encoding (UTF-8 actually) to copy filtered resources, i.e. build is platform dependent!
2022-01-03 10:13:20,081 [Worker-25] INFO  o.e.m.c.i.embedder.EclipseLogger - Copying 19 resources
2022-01-03 10:13:20,465 [Worker-25] WARN  o.e.m.c.i.embedder.EclipseLogger - Using platform encoding (UTF-8 actually) to copy filtered resources, i.e. build is platform dependent!
2022-01-03 10:13:20,468 [Worker-25] INFO  o.e.m.c.i.embedder.EclipseLogger - Copying 1 resource
2022-01-03 10:14:29,508 [Worker-29] WARN  o.e.m.c.i.embedder.EclipseLogger - Using platform encoding (UTF-8 actually) to copy filtered resources, i.e. build is platform dependent!
2022-01-03 10:14:29,536 [Worker-29] INFO  o.e.m.c.i.embedder.EclipseLogger - Copying 1 resource
2022-01-03 10:14:29,544 [Worker-29] WARN  o.e.m.c.i.embedder.EclipseLogger - Using platform encoding (UTF-8 actually) to copy filtered resources, i.e. build is platform dependent!
2022-01-03 10:14:29,547 [Worker-29] INFO  o.e.m.c.i.embedder.EclipseLogger - Copying 0 resource
2022-01-03 10:14:42,935 [Worker-24] WARN  o.e.m.c.i.embedder.EclipseLogger - Using platform encoding (UTF-8 actually) to copy filtered resources, i.e. build is platform dependent!
2022-01-03 10:14:42,954 [Worker-24] INFO  o.e.m.c.i.embedder.EclipseLogger - Copying 1 resource
2022-01-03 10:14:42,958 [Worker-24] WARN  o.e.m.c.i.embedder.EclipseLogger - Using platform encoding (UTF-8 actually) to copy filtered resources, i.e. build is platform dependent!
2022-01-03 10:14:42,961 [Worker-24] INFO  o.e.m.c.i.embedder.EclipseLogger - Copying 0 resource
2022-01-03 10:15:01,623 [Worker-26] WARN  o.e.m.c.i.embedder.EclipseLogger - Using platform encoding (UTF-8 actually) to copy filtered resources, i.e. build is platform dependent!
2022-01-03 10:15:01,629 [Worker-26] INFO  o.e.m.c.i.embedder.EclipseLogger - Copying 1 resource
2022-01-03 10:15:01,637 [Worker-26] WARN  o.e.m.c.i.embedder.EclipseLogger - Using platform encoding (UTF-8 actually) to copy filtered resources, i.e. build is platform dependent!
2022-01-03 10:15:01,639 [Worker-26] INFO  o.e.m.c.i.embedder.EclipseLogger - Copying 0 resource
2022-01-03 10:15:53,798 [Worker-25] WARN  o.e.m.c.i.embedder.EclipseLogger - Using platform encoding (UTF-8 actually) to copy filtered resources, i.e. build is platform dependent!
2022-01-03 10:15:53,826 [Worker-25] INFO  o.e.m.c.i.embedder.EclipseLogger - Copying 19 resources
2022-01-03 10:15:53,833 [Worker-25] WARN  o.e.m.c.i.embedder.EclipseLogger - Using platform encoding (UTF-8 actually) to copy filtered resources, i.e. build is platform dependent!
2022-01-03 10:15:53,837 [Worker-25] INFO  o.e.m.c.i.embedder.EclipseLogger - Copying 0 resource
2022-01-03 10:16:19,289 [Worker-23] WARN  o.e.m.c.i.embedder.EclipseLogger - Using platform encoding (UTF-8 actually) to copy filtered resources, i.e. build is platform dependent!
2022-01-03 10:16:19,293 [Worker-23] INFO  o.e.m.c.i.embedder.EclipseLogger - Copying 1 resource
2022-01-03 10:16:19,306 [Worker-23] WARN  o.e.m.c.i.embedder.EclipseLogger - Using platform encoding (UTF-8 actually) to copy filtered resources, i.e. build is platform dependent!
2022-01-03 10:16:19,308 [Worker-23] INFO  o.e.m.c.i.embedder.EclipseLogger - Copying 0 resource
2022-01-03 10:16:21,446 [Worker-25] WARN  o.e.m.c.i.embedder.EclipseLogger - Using platform encoding (UTF-8 actually) to copy filtered resources, i.e. build is platform dependent!
2022-01-03 10:16:21,449 [Worker-25] INFO  o.e.m.c.i.embedder.EclipseLogger - Copying 1 resource
2022-01-03 10:16:21,455 [Worker-25] WARN  o.e.m.c.i.embedder.EclipseLogger - Using platform encoding (UTF-8 actually) to copy filtered resources, i.e. build is platform dependent!
2022-01-03 10:16:21,458 [Worker-25] INFO  o.e.m.c.i.embedder.EclipseLogger - Copying 0 resource
2022-01-03 10:16:41,345 [Worker-26] WARN  o.e.m.c.i.embedder.EclipseLogger - Using platform encoding (UTF-8 actually) to copy filtered resources, i.e. build is platform dependent!
2022-01-03 10:16:41,355 [Worker-26] INFO  o.e.m.c.i.embedder.EclipseLogger - Copying 19 resources
2022-01-03 10:16:41,380 [Worker-26] WARN  o.e.m.c.i.embedder.EclipseLogger - Using platform encoding (UTF-8 actually) to copy filtered resources, i.e. build is platform dependent!
2022-01-03 10:16:41,409 [Worker-26] INFO  o.e.m.c.i.embedder.EclipseLogger - Copying 0 resource
2022-01-03 10:20:14,035 [Worker-33] WARN  o.e.m.c.i.embedder.EclipseLogger - Using platform encoding (UTF-8 actually) to copy filtered resources, i.e. build is platform dependent!
2022-01-03 10:20:14,038 [Worker-33] INFO  o.e.m.c.i.embedder.EclipseLogger - Copying 1 resource
2022-01-03 10:20:14,050 [Worker-33] WARN  o.e.m.c.i.embedder.EclipseLogger - Using platform encoding (UTF-8 actually) to copy filtered resources, i.e. build is platform dependent!
2022-01-03 10:20:14,060 [Worker-33] INFO  o.e.m.c.i.embedder.EclipseLogger - Copying 0 resource
2022-01-03 10:20:15,274 [Worker-37] WARN  o.e.m.c.i.embedder.EclipseLogger - Using platform encoding (UTF-8 actually) to copy filtered resources, i.e. build is platform dependent!
2022-01-03 10:20:15,277 [Worker-37] INFO  o.e.m.c.i.embedder.EclipseLogger - Copying 1 resource
2022-01-03 10:20:15,283 [Worker-37] WARN  o.e.m.c.i.embedder.EclipseLogger - Using platform encoding (UTF-8 actually) to copy filtered resources, i.e. build is platform dependent!
2022-01-03 10:20:15,286 [Worker-37] INFO  o.e.m.c.i.embedder.EclipseLogger - Copying 0 resource
2022-01-03 10:20:46,375 [Worker-32] WARN  o.e.m.c.i.embedder.EclipseLogger - Using platform encoding (UTF-8 actually) to copy filtered resources, i.e. build is platform dependent!
2022-01-03 10:20:46,378 [Worker-32] INFO  o.e.m.c.i.embedder.EclipseLogger - Copying 1 resource
2022-01-03 10:20:46,390 [Worker-32] WARN  o.e.m.c.i.embedder.EclipseLogger - Using platform encoding (UTF-8 actually) to copy filtered resources, i.e. build is platform dependent!
2022-01-03 10:20:46,393 [Worker-32] INFO  o.e.m.c.i.embedder.EclipseLogger - Copying 0 resource
2022-01-03 10:21:06,658 [Worker-37] WARN  o.e.m.c.i.embedder.EclipseLogger - Using platform encoding (UTF-8 actually) to copy filtered resources, i.e. build is platform dependent!
2022-01-03 10:21:06,666 [Worker-37] INFO  o.e.m.c.i.embedder.EclipseLogger - Copying 19 resources
2022-01-03 10:21:06,674 [Worker-37] WARN  o.e.m.c.i.embedder.EclipseLogger - Using platform encoding (UTF-8 actually) to copy filtered resources, i.e. build is platform dependent!
2022-01-03 10:21:06,676 [Worker-37] INFO  o.e.m.c.i.embedder.EclipseLogger - Copying 0 resource
2022-01-03 10:21:10,094 [Worker-36] WARN  o.e.m.c.i.embedder.EclipseLogger - Using platform encoding (UTF-8 actually) to copy filtered resources, i.e. build is platform dependent!
2022-01-03 10:21:10,102 [Worker-36] INFO  o.e.m.c.i.embedder.EclipseLogger - Copying 1 resource
2022-01-03 10:21:10,109 [Worker-36] WARN  o.e.m.c.i.embedder.EclipseLogger - Using platform encoding (UTF-8 actually) to copy filtered resources, i.e. build is platform dependent!
2022-01-03 10:21:10,111 [Worker-36] INFO  o.e.m.c.i.embedder.EclipseLogger - Copying 0 resource
2022-01-03 10:21:11,174 [Worker-35] WARN  o.e.m.c.i.embedder.EclipseLogger - Using platform encoding (UTF-8 actually) to copy filtered resources, i.e. build is platform dependent!
2022-01-03 10:21:11,179 [Worker-35] INFO  o.e.m.c.i.embedder.EclipseLogger - Copying 1 resource
2022-01-03 10:21:11,184 [Worker-35] WARN  o.e.m.c.i.embedder.EclipseLogger - Using platform encoding (UTF-8 actually) to copy filtered resources, i.e. build is platform dependent!
2022-01-03 10:21:11,187 [Worker-35] INFO  o.e.m.c.i.embedder.EclipseLogger - Copying 0 resource
2022-01-03 10:26:03,390 [Worker-35] WARN  o.e.m.c.i.embedder.EclipseLogger - Using platform encoding (UTF-8 actually) to copy filtered resources, i.e. build is platform dependent!
2022-01-03 10:26:03,395 [Worker-35] INFO  o.e.m.c.i.embedder.EclipseLogger - Copying 0 resource
2022-01-03 10:26:03,399 [Worker-35] WARN  o.e.m.c.i.embedder.EclipseLogger - Using platform encoding (UTF-8 actually) to copy filtered resources, i.e. build is platform dependent!
2022-01-03 10:26:03,401 [Worker-35] INFO  o.e.m.c.i.embedder.EclipseLogger - Copying 0 resource
2022-01-03 10:32:59,547 [Worker-49] WARN  o.e.m.c.i.embedder.EclipseLogger - Using platform encoding (UTF-8 actually) to copy filtered resources, i.e. build is platform dependent!
2022-01-03 10:32:59,550 [Worker-49] INFO  o.e.m.c.i.embedder.EclipseLogger - Copying 0 resource
2022-01-03 10:32:59,555 [Worker-49] WARN  o.e.m.c.i.embedder.EclipseLogger - Using platform encoding (UTF-8 actually) to copy filtered resources, i.e. build is platform dependent!
2022-01-03 10:32:59,558 [Worker-49] INFO  o.e.m.c.i.embedder.EclipseLogger - Copying 0 resource
2022-01-03 10:37:30,880 [Worker-54] WARN  o.e.m.c.i.embedder.EclipseLogger - Using platform encoding (UTF-8 actually) to copy filtered resources, i.e. build is platform dependent!
2022-01-03 10:37:30,882 [Worker-54] INFO  o.e.m.c.i.embedder.EclipseLogger - Copying 0 resource
2022-01-03 10:37:30,883 [Worker-54] WARN  o.e.m.c.i.embedder.EclipseLogger - Using platform encoding (UTF-8 actually) to copy filtered resources, i.e. build is platform dependent!
2022-01-03 10:37:30,886 [Worker-54] INFO  o.e.m.c.i.embedder.EclipseLogger - Copying 0 resource
2022-01-03 10:37:36,812 [Worker-56] WARN  o.e.m.c.i.embedder.EclipseLogger - Using platform encoding (UTF-8 actually) to copy filtered resources, i.e. build is platform dependent!
2022-01-03 10:37:36,814 [Worker-56] INFO  o.e.m.c.i.embedder.EclipseLogger - Copying 0 resource
2022-01-03 10:37:36,817 [Worker-56] WARN  o.e.m.c.i.embedder.EclipseLogger - Using platform encoding (UTF-8 actually) to copy filtered resources, i.e. build is platform dependent!
2022-01-03 10:37:36,819 [Worker-56] INFO  o.e.m.c.i.embedder.EclipseLogger - Copying 0 resource
2022-01-03 10:40:29,170 [Worker-55] WARN  o.e.m.c.i.embedder.EclipseLogger - Using platform encoding (UTF-8 actually) to copy filtered resources, i.e. build is platform dependent!
2022-01-03 10:40:29,172 [Worker-55] INFO  o.e.m.c.i.embedder.EclipseLogger - Copying 0 resource
2022-01-03 10:40:29,174 [Worker-55] WARN  o.e.m.c.i.embedder.EclipseLogger - Using platform encoding (UTF-8 actually) to copy filtered resources, i.e. build is platform dependent!
2022-01-03 10:40:29,177 [Worker-55] INFO  o.e.m.c.i.embedder.EclipseLogger - Copying 0 resource
2022-01-03 10:45:29,941 [Worker-56] WARN  o.e.m.c.i.embedder.EclipseLogger - Using platform encoding (UTF-8 actually) to copy filtered resources, i.e. build is platform dependent!
2022-01-03 10:45:29,953 [Worker-56] INFO  o.e.m.c.i.embedder.EclipseLogger - Copying 19 resources
2022-01-03 10:45:29,963 [Worker-56] WARN  o.e.m.c.i.embedder.EclipseLogger - Using platform encoding (UTF-8 actually) to copy filtered resources, i.e. build is platform dependent!
2022-01-03 10:45:29,965 [Worker-56] INFO  o.e.m.c.i.embedder.EclipseLogger - Copying 0 resource
2022-01-03 10:45:33,055 [Worker-62] WARN  o.e.m.c.i.embedder.EclipseLogger - Using platform encoding (UTF-8 actually) to copy filtered resources, i.e. build is platform dependent!
2022-01-03 10:45:33,058 [Worker-62] INFO  o.e.m.c.i.embedder.EclipseLogger - Copying 0 resource
2022-01-03 10:45:33,060 [Worker-62] WARN  o.e.m.c.i.embedder.EclipseLogger - Using platform encoding (UTF-8 actually) to copy filtered resources, i.e. build is platform dependent!
2022-01-03 10:45:33,063 [Worker-62] INFO  o.e.m.c.i.embedder.EclipseLogger - Copying 0 resource
2022-01-03 10:48:14,736 [Worker-64] WARN  o.e.m.c.i.embedder.EclipseLogger - Using platform encoding (UTF-8 actually) to copy filtered resources, i.e. build is platform dependent!
2022-01-03 10:48:14,738 [Worker-64] INFO  o.e.m.c.i.embedder.EclipseLogger - Copying 1 resource
2022-01-03 10:48:14,745 [Worker-64] WARN  o.e.m.c.i.embedder.EclipseLogger - Using platform encoding (UTF-8 actually) to copy filtered resources, i.e. build is platform dependent!
2022-01-03 10:48:14,747 [Worker-64] INFO  o.e.m.c.i.embedder.EclipseLogger - Copying 0 resource
2022-01-03 10:50:37,180 [Worker-51] WARN  o.e.m.c.i.embedder.EclipseLogger - Using platform encoding (UTF-8 actually) to copy filtered resources, i.e. build is platform dependent!
2022-01-03 10:50:37,192 [Worker-51] INFO  o.e.m.c.i.embedder.EclipseLogger - Copying 19 resources
2022-01-03 10:50:37,222 [Worker-51] WARN  o.e.m.c.i.embedder.EclipseLogger - Using platform encoding (UTF-8 actually) to copy filtered resources, i.e. build is platform dependent!
2022-01-03 10:50:37,227 [Worker-51] INFO  o.e.m.c.i.embedder.EclipseLogger - Copying 0 resource
2022-01-03 10:51:18,814 [Worker-61] WARN  o.e.m.c.i.embedder.EclipseLogger - Using platform encoding (UTF-8 actually) to copy filtered resources, i.e. build is platform dependent!
2022-01-03 10:51:18,825 [Worker-61] INFO  o.e.m.c.i.embedder.EclipseLogger - Copying 19 resources
2022-01-03 10:51:18,836 [Worker-61] WARN  o.e.m.c.i.embedder.EclipseLogger - Using platform encoding (UTF-8 actually) to copy filtered resources, i.e. build is platform dependent!
2022-01-03 10:51:18,838 [Worker-61] INFO  o.e.m.c.i.embedder.EclipseLogger - Copying 0 resource
2022-01-03 10:52:54,156 [Worker-64] WARN  o.e.m.c.i.embedder.EclipseLogger - Using platform encoding (UTF-8 actually) to copy filtered resources, i.e. build is platform dependent!
2022-01-03 10:52:54,158 [Worker-64] INFO  o.e.m.c.i.embedder.EclipseLogger - Copying 0 resource
2022-01-03 10:52:54,159 [Worker-64] WARN  o.e.m.c.i.embedder.EclipseLogger - Using platform encoding (UTF-8 actually) to copy filtered resources, i.e. build is platform dependent!
2022-01-03 10:52:54,164 [Worker-64] INFO  o.e.m.c.i.embedder.EclipseLogger - Copying 0 resource
2022-01-03 10:53:14,682 [Worker-63] WARN  o.e.m.c.i.embedder.EclipseLogger - Using platform encoding (UTF-8 actually) to copy filtered resources, i.e. build is platform dependent!
2022-01-03 10:53:14,689 [Worker-63] INFO  o.e.m.c.i.embedder.EclipseLogger - Copying 0 resource
2022-01-03 10:53:14,696 [Worker-63] WARN  o.e.m.c.i.embedder.EclipseLogger - Using platform encoding (UTF-8 actually) to copy filtered resources, i.e. build is platform dependent!
2022-01-03 10:53:14,706 [Worker-63] INFO  o.e.m.c.i.embedder.EclipseLogger - Copying 0 resource
2022-01-03 10:53:22,637 [Worker-56] WARN  o.e.m.c.i.embedder.EclipseLogger - Using platform encoding (UTF-8 actually) to copy filtered resources, i.e. build is platform dependent!
2022-01-03 10:53:22,646 [Worker-56] INFO  o.e.m.c.i.embedder.EclipseLogger - Copying 19 resources
2022-01-03 10:53:22,655 [Worker-56] WARN  o.e.m.c.i.embedder.EclipseLogger - Using platform encoding (UTF-8 actually) to copy filtered resources, i.e. build is platform dependent!
2022-01-03 10:53:22,657 [Worker-56] INFO  o.e.m.c.i.embedder.EclipseLogger - Copying 0 resource
2022-01-03 10:53:32,309 [Worker-64] WARN  o.e.m.c.i.embedder.EclipseLogger - Using platform encoding (UTF-8 actually) to copy filtered resources, i.e. build is platform dependent!
2022-01-03 10:53:32,324 [Worker-64] INFO  o.e.m.c.i.embedder.EclipseLogger - Copying 19 resources
2022-01-03 10:53:32,333 [Worker-64] WARN  o.e.m.c.i.embedder.EclipseLogger - Using platform encoding (UTF-8 actually) to copy filtered resources, i.e. build is platform dependent!
2022-01-03 10:53:32,336 [Worker-64] INFO  o.e.m.c.i.embedder.EclipseLogger - Copying 0 resource
2022-01-03 10:53:37,770 [Worker-67] WARN  o.e.m.c.i.embedder.EclipseLogger - Using platform encoding (UTF-8 actually) to copy filtered resources, i.e. build is platform dependent!
2022-01-03 10:53:37,772 [Worker-67] INFO  o.e.m.c.i.embedder.EclipseLogger - Copying 0 resource
2022-01-03 10:53:37,773 [Worker-67] WARN  o.e.m.c.i.embedder.EclipseLogger - Using platform encoding (UTF-8 actually) to copy filtered resources, i.e. build is platform dependent!
2022-01-03 10:53:37,776 [Worker-67] INFO  o.e.m.c.i.embedder.EclipseLogger - Copying 0 resource
2022-01-03 10:55:37,013 [Worker-64] WARN  o.e.m.c.i.embedder.EclipseLogger - Using platform encoding (UTF-8 actually) to copy filtered resources, i.e. build is platform dependent!
2022-01-03 10:55:37,015 [Worker-64] INFO  o.e.m.c.i.embedder.EclipseLogger - Copying 0 resource
2022-01-03 10:55:37,017 [Worker-64] WARN  o.e.m.c.i.embedder.EclipseLogger - Using platform encoding (UTF-8 actually) to copy filtered resources, i.e. build is platform dependent!
2022-01-03 10:55:37,019 [Worker-64] INFO  o.e.m.c.i.embedder.EclipseLogger - Copying 0 resource
2022-01-03 10:55:48,243 [Worker-51] WARN  o.e.m.c.i.embedder.EclipseLogger - Using platform encoding (UTF-8 actually) to copy filtered resources, i.e. build is platform dependent!
2022-01-03 10:55:48,247 [Worker-51] INFO  o.e.m.c.i.embedder.EclipseLogger - Copying 0 resource
2022-01-03 10:55:48,250 [Worker-51] WARN  o.e.m.c.i.embedder.EclipseLogger - Using platform encoding (UTF-8 actually) to copy filtered resources, i.e. build is platform dependent!
2022-01-03 10:55:48,252 [Worker-51] INFO  o.e.m.c.i.embedder.EclipseLogger - Copying 0 resource
2022-01-03 10:56:22,357 [Worker-56] WARN  o.e.m.c.i.embedder.EclipseLogger - Using platform encoding (UTF-8 actually) to copy filtered resources, i.e. build is platform dependent!
2022-01-03 10:56:22,359 [Worker-56] INFO  o.e.m.c.i.embedder.EclipseLogger - Copying 0 resource
2022-01-03 10:56:22,367 [Worker-56] WARN  o.e.m.c.i.embedder.EclipseLogger - Using platform encoding (UTF-8 actually) to copy filtered resources, i.e. build is platform dependent!
2022-01-03 10:56:22,369 [Worker-56] INFO  o.e.m.c.i.embedder.EclipseLogger - Copying 0 resource
2022-01-03 10:56:27,368 [Worker-61] WARN  o.e.m.c.i.embedder.EclipseLogger - Using platform encoding (UTF-8 actually) to copy filtered resources, i.e. build is platform dependent!
2022-01-03 10:56:27,370 [Worker-61] INFO  o.e.m.c.i.embedder.EclipseLogger - Copying 0 resource
2022-01-03 10:56:27,372 [Worker-61] WARN  o.e.m.c.i.embedder.EclipseLogger - Using platform encoding (UTF-8 actually) to copy filtered resources, i.e. build is platform dependent!
2022-01-03 10:56:27,376 [Worker-61] INFO  o.e.m.c.i.embedder.EclipseLogger - Copying 0 resource
2022-01-03 11:01:18,102 [Worker-61] WARN  o.e.m.c.i.embedder.EclipseLogger - Using platform encoding (UTF-8 actually) to copy filtered resources, i.e. build is platform dependent!
2022-01-03 11:01:18,105 [Worker-61] INFO  o.e.m.c.i.embedder.EclipseLogger - Copying 0 resource
2022-01-03 11:01:18,107 [Worker-61] WARN  o.e.m.c.i.embedder.EclipseLogger - Using platform encoding (UTF-8 actually) to copy filtered resources, i.e. build is platform dependent!
2022-01-03 11:01:18,109 [Worker-61] INFO  o.e.m.c.i.embedder.EclipseLogger - Copying 0 resource
2022-01-03 11:01:22,773 [Worker-67] WARN  o.e.m.c.i.embedder.EclipseLogger - Using platform encoding (UTF-8 actually) to copy filtered resources, i.e. build is platform dependent!
2022-01-03 11:01:22,775 [Worker-67] INFO  o.e.m.c.i.embedder.EclipseLogger - Copying 0 resource
2022-01-03 11:01:22,777 [Worker-67] WARN  o.e.m.c.i.embedder.EclipseLogger - Using platform encoding (UTF-8 actually) to copy filtered resources, i.e. build is platform dependent!
2022-01-03 11:01:22,779 [Worker-67] INFO  o.e.m.c.i.embedder.EclipseLogger - Copying 0 resource
2022-01-03 11:07:06,243 [Worker-67] WARN  o.e.m.c.i.embedder.EclipseLogger - Using platform encoding (UTF-8 actually) to copy filtered resources, i.e. build is platform dependent!
2022-01-03 11:07:06,248 [Worker-67] INFO  o.e.m.c.i.embedder.EclipseLogger - Copying 0 resource
2022-01-03 11:07:06,251 [Worker-67] WARN  o.e.m.c.i.embedder.EclipseLogger - Using platform encoding (UTF-8 actually) to copy filtered resources, i.e. build is platform dependent!
2022-01-03 11:07:06,259 [Worker-67] INFO  o.e.m.c.i.embedder.EclipseLogger - Copying 0 resource
2022-01-03 11:07:28,991 [Worker-63] WARN  o.e.m.c.i.embedder.EclipseLogger - Using platform encoding (UTF-8 actually) to copy filtered resources, i.e. build is platform dependent!
2022-01-03 11:07:28,993 [Worker-63] INFO  o.e.m.c.i.embedder.EclipseLogger - Copying 0 resource
2022-01-03 11:07:28,995 [Worker-63] WARN  o.e.m.c.i.embedder.EclipseLogger - Using platform encoding (UTF-8 actually) to copy filtered resources, i.e. build is platform dependent!
2022-01-03 11:07:28,997 [Worker-63] INFO  o.e.m.c.i.embedder.EclipseLogger - Copying 0 resource
2022-01-03 11:07:59,389 [Worker-69] WARN  o.e.m.c.i.embedder.EclipseLogger - Using platform encoding (UTF-8 actually) to copy filtered resources, i.e. build is platform dependent!
2022-01-03 11:07:59,392 [Worker-69] INFO  o.e.m.c.i.embedder.EclipseLogger - Copying 0 resource
2022-01-03 11:07:59,394 [Worker-69] WARN  o.e.m.c.i.embedder.EclipseLogger - Using platform encoding (UTF-8 actually) to copy filtered resources, i.e. build is platform dependent!
2022-01-03 11:07:59,396 [Worker-69] INFO  o.e.m.c.i.embedder.EclipseLogger - Copying 0 resource
2022-01-03 11:47:40,614 [Worker-79] WARN  o.e.m.c.i.embedder.EclipseLogger - Using platform encoding (UTF-8 actually) to copy filtered resources, i.e. build is platform dependent!
2022-01-03 11:47:40,616 [Worker-79] INFO  o.e.m.c.i.embedder.EclipseLogger - Copying 0 resource
2022-01-03 11:47:40,618 [Worker-79] WARN  o.e.m.c.i.embedder.EclipseLogger - Using platform encoding (UTF-8 actually) to copy filtered resources, i.e. build is platform dependent!
2022-01-03 11:47:40,620 [Worker-79] INFO  o.e.m.c.i.embedder.EclipseLogger - Copying 0 resource
2022-01-03 11:48:12,171 [Worker-83] WARN  o.e.m.c.i.embedder.EclipseLogger - Using platform encoding (UTF-8 actually) to copy filtered resources, i.e. build is platform dependent!
2022-01-03 11:48:12,173 [Worker-83] INFO  o.e.m.c.i.embedder.EclipseLogger - Copying 0 resource
2022-01-03 11:48:12,175 [Worker-83] WARN  o.e.m.c.i.embedder.EclipseLogger - Using platform encoding (UTF-8 actually) to copy filtered resources, i.e. build is platform dependent!
2022-01-03 11:48:12,177 [Worker-83] INFO  o.e.m.c.i.embedder.EclipseLogger - Copying 0 resource
2022-01-03 11:52:55,579 [Worker-85] WARN  o.e.m.c.i.embedder.EclipseLogger - Using platform encoding (UTF-8 actually) to copy filtered resources, i.e. build is platform dependent!
2022-01-03 11:52:55,581 [Worker-85] INFO  o.e.m.c.i.embedder.EclipseLogger - Copying 0 resource
2022-01-03 11:52:55,583 [Worker-85] WARN  o.e.m.c.i.embedder.EclipseLogger - Using platform encoding (UTF-8 actually) to copy filtered resources, i.e. build is platform dependent!
2022-01-03 11:52:55,586 [Worker-85] INFO  o.e.m.c.i.embedder.EclipseLogger - Copying 0 resource
2022-01-03 11:54:18,052 [Worker-88] WARN  o.e.m.c.i.embedder.EclipseLogger - Using platform encoding (UTF-8 actually) to copy filtered resources, i.e. build is platform dependent!
2022-01-03 11:54:18,054 [Worker-88] INFO  o.e.m.c.i.embedder.EclipseLogger - Copying 0 resource
2022-01-03 11:54:18,056 [Worker-88] WARN  o.e.m.c.i.embedder.EclipseLogger - Using platform encoding (UTF-8 actually) to copy filtered resources, i.e. build is platform dependent!
2022-01-03 11:54:18,058 [Worker-88] INFO  o.e.m.c.i.embedder.EclipseLogger - Copying 0 resource
2022-01-03 11:54:48,183 [Worker-83] WARN  o.e.m.c.i.embedder.EclipseLogger - Using platform encoding (UTF-8 actually) to copy filtered resources, i.e. build is platform dependent!
2022-01-03 11:54:48,185 [Worker-83] INFO  o.e.m.c.i.embedder.EclipseLogger - Copying 0 resource
2022-01-03 11:54:48,187 [Worker-83] WARN  o.e.m.c.i.embedder.EclipseLogger - Using platform encoding (UTF-8 actually) to copy filtered resources, i.e. build is platform dependent!
2022-01-03 11:54:48,189 [Worker-83] INFO  o.e.m.c.i.embedder.EclipseLogger - Copying 0 resource
2022-01-03 11:57:16,074 [Worker-85] WARN  o.e.m.c.i.embedder.EclipseLogger - Using platform encoding (UTF-8 actually) to copy filtered resources, i.e. build is platform dependent!
2022-01-03 11:57:16,076 [Worker-85] INFO  o.e.m.c.i.embedder.EclipseLogger - Copying 0 resource
2022-01-03 11:57:16,078 [Worker-85] WARN  o.e.m.c.i.embedder.EclipseLogger - Using platform encoding (UTF-8 actually) to copy filtered resources, i.e. build is platform dependent!
2022-01-03 11:57:16,081 [Worker-85] INFO  o.e.m.c.i.embedder.EclipseLogger - Copying 0 resource
2022-01-03 13:02:09,584 [Worker-97] WARN  o.e.m.c.i.embedder.EclipseLogger - Using platform encoding (UTF-8 actually) to copy filtered resources, i.e. build is platform dependent!
2022-01-03 13:02:09,588 [Worker-97] INFO  o.e.m.c.i.embedder.EclipseLogger - Copying 0 resource
2022-01-03 13:02:09,589 [Worker-97] WARN  o.e.m.c.i.embedder.EclipseLogger - Using platform encoding (UTF-8 actually) to copy filtered resources, i.e. build is platform dependent!
2022-01-03 13:02:09,592 [Worker-97] INFO  o.e.m.c.i.embedder.EclipseLogger - Copying 0 resource
2022-01-03 13:05:00,148 [Worker-98] WARN  o.e.m.c.i.embedder.EclipseLogger - Using platform encoding (UTF-8 actually) to copy filtered resources, i.e. build is platform dependent!
2022-01-03 13:05:00,151 [Worker-98] INFO  o.e.m.c.i.embedder.EclipseLogger - Copying 0 resource
2022-01-03 13:05:00,153 [Worker-98] WARN  o.e.m.c.i.embedder.EclipseLogger - Using platform encoding (UTF-8 actually) to copy filtered resources, i.e. build is platform dependent!
2022-01-03 13:05:00,155 [Worker-98] INFO  o.e.m.c.i.embedder.EclipseLogger - Copying 0 resource
2022-01-03 13:05:04,734 [Worker-99] WARN  o.e.m.c.i.embedder.EclipseLogger - Using platform encoding (UTF-8 actually) to copy filtered resources, i.e. build is platform dependent!
2022-01-03 13:05:04,736 [Worker-99] INFO  o.e.m.c.i.embedder.EclipseLogger - Copying 0 resource
2022-01-03 13:05:04,738 [Worker-99] WARN  o.e.m.c.i.embedder.EclipseLogger - Using platform encoding (UTF-8 actually) to copy filtered resources, i.e. build is platform dependent!
2022-01-03 13:05:04,742 [Worker-99] INFO  o.e.m.c.i.embedder.EclipseLogger - Copying 0 resource
2022-01-03 13:05:09,902 [Worker-98] WARN  o.e.m.c.i.embedder.EclipseLogger - Using platform encoding (UTF-8 actually) to copy filtered resources, i.e. build is platform dependent!
2022-01-03 13:05:09,908 [Worker-98] INFO  o.e.m.c.i.embedder.EclipseLogger - Copying 0 resource
2022-01-03 13:05:09,910 [Worker-98] WARN  o.e.m.c.i.embedder.EclipseLogger - Using platform encoding (UTF-8 actually) to copy filtered resources, i.e. build is platform dependent!
2022-01-03 13:05:09,912 [Worker-98] INFO  o.e.m.c.i.embedder.EclipseLogger - Copying 0 resource
2022-01-03 13:12:33,853 [Worker-104] WARN  o.e.m.c.i.embedder.EclipseLogger - Using platform encoding (UTF-8 actually) to copy filtered resources, i.e. build is platform dependent!
2022-01-03 13:12:33,854 [Worker-104] INFO  o.e.m.c.i.embedder.EclipseLogger - Copying 0 resource
2022-01-03 13:12:33,856 [Worker-104] WARN  o.e.m.c.i.embedder.EclipseLogger - Using platform encoding (UTF-8 actually) to copy filtered resources, i.e. build is platform dependent!
2022-01-03 13:12:33,858 [Worker-104] INFO  o.e.m.c.i.embedder.EclipseLogger - Copying 0 resource
2022-01-03 13:15:26,902 [Worker-114] WARN  o.e.m.c.i.embedder.EclipseLogger - Using platform encoding (UTF-8 actually) to copy filtered resources, i.e. build is platform dependent!
2022-01-03 13:15:26,904 [Worker-114] INFO  o.e.m.c.i.embedder.EclipseLogger - Copying 0 resource
2022-01-03 13:15:26,906 [Worker-114] WARN  o.e.m.c.i.embedder.EclipseLogger - Using platform encoding (UTF-8 actually) to copy filtered resources, i.e. build is platform dependent!
2022-01-03 13:15:26,908 [Worker-114] INFO  o.e.m.c.i.embedder.EclipseLogger - Copying 0 resource
2022-01-03 13:16:22,261 [Worker-104] WARN  o.e.m.c.i.embedder.EclipseLogger - Using platform encoding (UTF-8 actually) to copy filtered resources, i.e. build is platform dependent!
2022-01-03 13:16:22,265 [Worker-104] INFO  o.e.m.c.i.embedder.EclipseLogger - Copying 0 resource
2022-01-03 13:16:22,266 [Worker-104] WARN  o.e.m.c.i.embedder.EclipseLogger - Using platform encoding (UTF-8 actually) to copy filtered resources, i.e. build is platform dependent!
2022-01-03 13:16:22,269 [Worker-104] INFO  o.e.m.c.i.embedder.EclipseLogger - Copying 0 resource
2022-01-03 13:17:07,235 [Worker-114] WARN  o.e.m.c.i.embedder.EclipseLogger - Using platform encoding (UTF-8 actually) to copy filtered resources, i.e. build is platform dependent!
2022-01-03 13:17:07,238 [Worker-114] INFO  o.e.m.c.i.embedder.EclipseLogger - Copying 0 resource
2022-01-03 13:17:07,239 [Worker-114] WARN  o.e.m.c.i.embedder.EclipseLogger - Using platform encoding (UTF-8 actually) to copy filtered resources, i.e. build is platform dependent!
2022-01-03 13:17:07,241 [Worker-114] INFO  o.e.m.c.i.embedder.EclipseLogger - Copying 0 resource
2022-01-03 13:21:34,411 [Worker-113] WARN  o.e.m.c.i.embedder.EclipseLogger - Using platform encoding (UTF-8 actually) to copy filtered resources, i.e. build is platform dependent!
2022-01-03 13:21:34,414 [Worker-113] INFO  o.e.m.c.i.embedder.EclipseLogger - Copying 0 resource
2022-01-03 13:21:34,418 [Worker-113] WARN  o.e.m.c.i.embedder.EclipseLogger - Using platform encoding (UTF-8 actually) to copy filtered resources, i.e. build is platform dependent!
2022-01-03 13:21:34,420 [Worker-113] INFO  o.e.m.c.i.embedder.EclipseLogger - Copying 0 resource
2022-01-03 13:25:58,453 [Worker-111] INFO  o.e.m.c.i.p.ProjectConfigurationManager - Update started
2022-01-03 13:25:59,326 [Worker-111] INFO  o.e.m.c.i.l.LifecycleMappingFactory - Using org.eclipse.m2e.jdt.JarLifecycleMapping lifecycle mapping for MavenProject: com.init:resume:1.0.0-BUILD-SNAPSHOT @ C:\Work\init-resume-main\pom.xml.
2022-01-03 13:26:00,873 [Worker-111] INFO  o.e.m.j.i.AbstractJavaProjectConfigurator - Adding source folder /resume/src/main/java
2022-01-03 13:26:00,874 [Worker-111] INFO  o.e.m.j.i.AbstractJavaProjectConfigurator - Adding resource folder /resume/src/main/resources
2022-01-03 13:26:00,878 [Worker-111] INFO  o.e.m.j.i.AbstractJavaProjectConfigurator - Adding source folder /resume/src/test/java
2022-01-03 13:26:00,879 [Worker-111] INFO  o.e.m.j.i.AbstractJavaProjectConfigurator - Adding resource folder /resume/src/test/resources
2022-01-03 13:26:01,929 [Worker-111] INFO  o.e.m.c.i.p.ProjectConfigurationManager - Update completed: 3 sec
2022-01-03 13:26:06,612 [Worker-145] WARN  o.e.m.c.i.embedder.EclipseLogger - Using platform encoding (UTF-8 actually) to copy filtered resources, i.e. build is platform dependent!
2022-01-03 13:26:06,616 [Worker-145] INFO  o.e.m.c.i.embedder.EclipseLogger - Copying 19 resources
2022-01-03 13:26:06,774 [Worker-145] WARN  o.e.m.c.i.embedder.EclipseLogger - Using platform encoding (UTF-8 actually) to copy filtered resources, i.e. build is platform dependent!
2022-01-03 13:26:06,776 [Worker-145] INFO  o.e.m.c.i.embedder.EclipseLogger - Copying 1 resource
2022-01-03 13:36:17,906 [Worker-162] WARN  o.e.m.c.i.embedder.EclipseLogger - Using platform encoding (UTF-8 actually) to copy filtered resources, i.e. build is platform dependent!
2022-01-03 13:36:17,911 [Worker-162] INFO  o.e.m.c.i.embedder.EclipseLogger - Copying 0 resource
2022-01-03 13:36:17,913 [Worker-162] WARN  o.e.m.c.i.embedder.EclipseLogger - Using platform encoding (UTF-8 actually) to copy filtered resources, i.e. build is platform dependent!
2022-01-03 13:36:17,915 [Worker-162] INFO  o.e.m.c.i.embedder.EclipseLogger - Copying 0 resource
2022-01-03 13:36:57,243 [Worker-88] WARN  o.e.m.c.i.embedder.EclipseLogger - Using platform encoding (UTF-8 actually) to copy filtered resources, i.e. build is platform dependent!
2022-01-03 13:36:57,245 [Worker-88] INFO  o.e.m.c.i.embedder.EclipseLogger - Copying 0 resource
2022-01-03 13:36:57,246 [Worker-88] WARN  o.e.m.c.i.embedder.EclipseLogger - Using platform encoding (UTF-8 actually) to copy filtered resources, i.e. build is platform dependent!
2022-01-03 13:36:57,248 [Worker-88] INFO  o.e.m.c.i.embedder.EclipseLogger - Copying 0 resource
2022-01-03 13:37:17,845 [Worker-165] WARN  o.e.m.c.i.embedder.EclipseLogger - Using platform encoding (UTF-8 actually) to copy filtered resources, i.e. build is platform dependent!
2022-01-03 13:37:17,848 [Worker-165] INFO  o.e.m.c.i.embedder.EclipseLogger - Copying 0 resource
2022-01-03 13:37:17,851 [Worker-165] WARN  o.e.m.c.i.embedder.EclipseLogger - Using platform encoding (UTF-8 actually) to copy filtered resources, i.e. build is platform dependent!
2022-01-03 13:37:17,853 [Worker-165] INFO  o.e.m.c.i.embedder.EclipseLogger - Copying 0 resource
2022-01-03 13:38:32,895 [Worker-162] WARN  o.e.m.c.i.embedder.EclipseLogger - Using platform encoding (UTF-8 actually) to copy filtered resources, i.e. build is platform dependent!
2022-01-03 13:38:32,897 [Worker-162] INFO  o.e.m.c.i.embedder.EclipseLogger - Copying 0 resource
2022-01-03 13:38:32,898 [Worker-162] WARN  o.e.m.c.i.embedder.EclipseLogger - Using platform encoding (UTF-8 actually) to copy filtered resources, i.e. build is platform dependent!
2022-01-03 13:38:32,900 [Worker-162] INFO  o.e.m.c.i.embedder.EclipseLogger - Copying 0 resource
2022-01-03 13:39:44,972 [Worker-167] WARN  o.e.m.c.i.embedder.EclipseLogger - Using platform encoding (UTF-8 actually) to copy filtered resources, i.e. build is platform dependent!
2022-01-03 13:39:44,974 [Worker-167] INFO  o.e.m.c.i.embedder.EclipseLogger - Copying 0 resource
2022-01-03 13:39:44,976 [Worker-167] WARN  o.e.m.c.i.embedder.EclipseLogger - Using platform encoding (UTF-8 actually) to copy filtered resources, i.e. build is platform dependent!
2022-01-03 13:39:44,978 [Worker-167] INFO  o.e.m.c.i.embedder.EclipseLogger - Copying 0 resource
2022-01-04 12:19:10,043 [Worker-0] WARN  o.e.m.c.i.embedder.EclipseLogger - Using platform encoding (UTF-8 actually) to copy filtered resources, i.e. build is platform dependent!
2022-01-04 12:19:10,062 [Worker-0] INFO  o.e.m.c.i.embedder.EclipseLogger - Copying 19 resources
2022-01-04 12:19:10,087 [Worker-0] WARN  o.e.m.c.i.embedder.EclipseLogger - Using platform encoding (UTF-8 actually) to copy filtered resources, i.e. build is platform dependent!
2022-01-04 12:19:10,089 [Worker-0] INFO  o.e.m.c.i.embedder.EclipseLogger - Copying 1 resource
2022-01-04 12:19:36,796 [Worker-15] INFO  c.g.t.t.d.PublishedGradleVersions - Gradle version information cache is out-of-date. Trying to update.
2022-01-04 12:19:57,332 [Worker-13] WARN  o.e.m.c.i.embedder.EclipseLogger - Using platform encoding (UTF-8 actually) to copy filtered resources, i.e. build is platform dependent!
2022-01-04 12:19:57,342 [Worker-13] INFO  o.e.m.c.i.embedder.EclipseLogger - Copying 0 resource
2022-01-04 12:19:57,345 [Worker-13] WARN  o.e.m.c.i.embedder.EclipseLogger - Using platform encoding (UTF-8 actually) to copy filtered resources, i.e. build is platform dependent!
2022-01-04 12:19:57,347 [Worker-13] INFO  o.e.m.c.i.embedder.EclipseLogger - Copying 0 resource
2022-01-04 12:25:32,304 [Worker-23] WARN  o.e.m.c.i.embedder.EclipseLogger - Using platform encoding (UTF-8 actually) to copy filtered resources, i.e. build is platform dependent!
2022-01-04 12:25:32,306 [Worker-23] INFO  o.e.m.c.i.embedder.EclipseLogger - Copying 0 resource
2022-01-04 12:25:32,331 [Worker-23] WARN  o.e.m.c.i.embedder.EclipseLogger - Using platform encoding (UTF-8 actually) to copy filtered resources, i.e. build is platform dependent!
2022-01-04 12:25:32,333 [Worker-23] INFO  o.e.m.c.i.embedder.EclipseLogger - Copying 0 resource
2022-01-04 12:27:37,136 [Worker-23] INFO  o.e.m.c.i.p.ProjectConfigurationManager - Update started
2022-01-04 12:27:38,333 [Worker-23] INFO  o.e.m.c.i.l.LifecycleMappingFactory - Using org.eclipse.m2e.jdt.JarLifecycleMapping lifecycle mapping for MavenProject: com.init:resume:1.0.0-BUILD-SNAPSHOT @ C:\Work\init-resume-main\pom.xml.
2022-01-04 12:27:39,460 [Worker-23] INFO  o.e.m.j.i.AbstractJavaProjectConfigurator - Adding source folder /resume/src/main/java
2022-01-04 12:27:39,462 [Worker-23] INFO  o.e.m.j.i.AbstractJavaProjectConfigurator - Adding resource folder /resume/src/main/resources
2022-01-04 12:27:39,464 [Worker-23] INFO  o.e.m.j.i.AbstractJavaProjectConfigurator - Adding source folder /resume/src/test/java
2022-01-04 12:27:39,464 [Worker-23] INFO  o.e.m.j.i.AbstractJavaProjectConfigurator - Adding resource folder /resume/src/test/resources
2022-01-04 12:27:40,261 [Worker-23] INFO  o.e.m.c.i.p.ProjectConfigurationManager - Update completed: 3 sec
2022-01-04 12:27:49,234 [Worker-24] WARN  o.e.m.c.i.embedder.EclipseLogger - Using platform encoding (UTF-8 actually) to copy filtered resources, i.e. build is platform dependent!
2022-01-04 12:27:49,239 [Worker-24] INFO  o.e.m.c.i.embedder.EclipseLogger - Copying 19 resources
2022-01-04 12:27:49,381 [Worker-24] WARN  o.e.m.c.i.embedder.EclipseLogger - Using platform encoding (UTF-8 actually) to copy filtered resources, i.e. build is platform dependent!
2022-01-04 12:27:49,383 [Worker-24] INFO  o.e.m.c.i.embedder.EclipseLogger - Copying 1 resource
2022-01-04 13:55:59,511 [Worker-25] INFO  o.e.m.c.i.p.ProjectConfigurationManager - Update started
2022-01-04 13:56:00,450 [Worker-25] INFO  o.e.m.c.i.l.LifecycleMappingFactory - Using org.eclipse.m2e.jdt.JarLifecycleMapping lifecycle mapping for MavenProject: com.init:resume:1.0.0-BUILD-SNAPSHOT @ C:\Work\init-resume-main\pom.xml.
2022-01-04 13:56:01,457 [Worker-25] INFO  o.e.m.j.i.AbstractJavaProjectConfigurator - Adding source folder /resume/src/main/java
2022-01-04 13:56:01,458 [Worker-25] INFO  o.e.m.j.i.AbstractJavaProjectConfigurator - Adding resource folder /resume/src/main/resources
2022-01-04 13:56:01,459 [Worker-25] INFO  o.e.m.j.i.AbstractJavaProjectConfigurator - Adding source folder /resume/src/test/java
2022-01-04 13:56:01,460 [Worker-25] INFO  o.e.m.j.i.AbstractJavaProjectConfigurator - Adding resource folder /resume/src/test/resources
2022-01-04 13:56:02,911 [Worker-25] INFO  o.e.m.c.i.p.ProjectConfigurationManager - Update completed: 3 sec
2022-01-04 13:56:12,008 [Worker-39] WARN  o.e.m.c.i.embedder.EclipseLogger - Using platform encoding (UTF-8 actually) to copy filtered resources, i.e. build is platform dependent!
2022-01-04 13:56:12,013 [Worker-39] INFO  o.e.m.c.i.embedder.EclipseLogger - Copying 19 resources
2022-01-04 13:56:12,148 [Worker-39] WARN  o.e.m.c.i.embedder.EclipseLogger - Using platform encoding (UTF-8 actually) to copy filtered resources, i.e. build is platform dependent!
2022-01-04 13:56:12,154 [Worker-39] INFO  o.e.m.c.i.embedder.EclipseLogger - Copying 1 resource
2022-01-04 14:55:54,200 [Worker-55] WARN  o.e.m.c.i.embedder.EclipseLogger - Using platform encoding (UTF-8 actually) to copy filtered resources, i.e. build is platform dependent!
2022-01-04 14:55:54,209 [Worker-55] INFO  o.e.m.c.i.embedder.EclipseLogger - Copying 0 resource
2022-01-04 14:55:54,216 [Worker-55] WARN  o.e.m.c.i.embedder.EclipseLogger - Using platform encoding (UTF-8 actually) to copy filtered resources, i.e. build is platform dependent!
2022-01-04 14:55:54,221 [Worker-55] INFO  o.e.m.c.i.embedder.EclipseLogger - Copying 0 resource
2022-01-04 14:56:06,640 [Worker-53] INFO  o.e.m.c.i.p.ProjectConfigurationManager - Update started
2022-01-04 14:56:07,567 [Worker-53] INFO  o.e.m.c.i.l.LifecycleMappingFactory - Using org.eclipse.m2e.jdt.JarLifecycleMapping lifecycle mapping for MavenProject: com.init:resume:1.0.0-BUILD-SNAPSHOT @ C:\Work\init-resume-main\pom.xml.
2022-01-04 14:56:08,611 [Worker-53] INFO  o.e.m.j.i.AbstractJavaProjectConfigurator - Adding source folder /resume/src/main/java
2022-01-04 14:56:08,612 [Worker-53] INFO  o.e.m.j.i.AbstractJavaProjectConfigurator - Adding resource folder /resume/src/main/resources
2022-01-04 14:56:08,613 [Worker-53] INFO  o.e.m.j.i.AbstractJavaProjectConfigurator - Adding source folder /resume/src/test/java
2022-01-04 14:56:08,614 [Worker-53] INFO  o.e.m.j.i.AbstractJavaProjectConfigurator - Adding resource folder /resume/src/test/resources
2022-01-04 14:56:09,579 [Worker-53] INFO  o.e.m.c.i.p.ProjectConfigurationManager - Update completed: 2 sec
2022-01-04 14:56:14,664 [Worker-53] WARN  o.e.m.c.i.embedder.EclipseLogger - Using platform encoding (UTF-8 actually) to copy filtered resources, i.e. build is platform dependent!
2022-01-04 14:56:14,669 [Worker-53] INFO  o.e.m.c.i.embedder.EclipseLogger - Copying 19 resources
2022-01-04 14:56:14,838 [Worker-53] WARN  o.e.m.c.i.embedder.EclipseLogger - Using platform encoding (UTF-8 actually) to copy filtered resources, i.e. build is platform dependent!
2022-01-04 14:56:14,841 [Worker-53] INFO  o.e.m.c.i.embedder.EclipseLogger - Copying 1 resource
2022-01-04 14:58:22,430 [Worker-53] WARN  o.e.m.c.i.embedder.EclipseLogger - Using platform encoding (UTF-8 actually) to copy filtered resources, i.e. build is platform dependent!
2022-01-04 14:58:22,464 [Worker-53] INFO  o.e.m.c.i.embedder.EclipseLogger - Copying 19 resources
2022-01-04 14:58:22,635 [Worker-53] WARN  o.e.m.c.i.embedder.EclipseLogger - Using platform encoding (UTF-8 actually) to copy filtered resources, i.e. build is platform dependent!
2022-01-04 14:58:22,641 [Worker-53] INFO  o.e.m.c.i.embedder.EclipseLogger - Copying 1 resource
2022-01-04 14:58:36,703 [Worker-58] WARN  o.e.m.c.i.embedder.EclipseLogger - Using platform encoding (UTF-8 actually) to copy filtered resources, i.e. build is platform dependent!
2022-01-04 14:58:36,705 [Worker-58] INFO  o.e.m.c.i.embedder.EclipseLogger - Copying 0 resource
2022-01-04 14:58:36,707 [Worker-58] WARN  o.e.m.c.i.embedder.EclipseLogger - Using platform encoding (UTF-8 actually) to copy filtered resources, i.e. build is platform dependent!
2022-01-04 14:58:36,710 [Worker-58] INFO  o.e.m.c.i.embedder.EclipseLogger - Copying 0 resource
2022-01-04 15:01:17,370 [Worker-56] WARN  o.e.m.c.i.embedder.EclipseLogger - Using platform encoding (UTF-8 actually) to copy filtered resources, i.e. build is platform dependent!
2022-01-04 15:01:17,372 [Worker-56] INFO  o.e.m.c.i.embedder.EclipseLogger - Copying 0 resource
2022-01-04 15:01:17,374 [Worker-56] WARN  o.e.m.c.i.embedder.EclipseLogger - Using platform encoding (UTF-8 actually) to copy filtered resources, i.e. build is platform dependent!
2022-01-04 15:01:17,376 [Worker-56] INFO  o.e.m.c.i.embedder.EclipseLogger - Copying 0 resource
2022-01-04 15:03:24,853 [Worker-58] WARN  o.e.m.c.i.embedder.EclipseLogger - Using platform encoding (UTF-8 actually) to copy filtered resources, i.e. build is platform dependent!
2022-01-04 15:03:24,856 [Worker-58] INFO  o.e.m.c.i.embedder.EclipseLogger - Copying 0 resource
2022-01-04 15:03:24,868 [Worker-58] WARN  o.e.m.c.i.embedder.EclipseLogger - Using platform encoding (UTF-8 actually) to copy filtered resources, i.e. build is platform dependent!
2022-01-04 15:03:24,879 [Worker-58] INFO  o.e.m.c.i.embedder.EclipseLogger - Copying 0 resource
2022-01-04 15:03:58,442 [Worker-48] WARN  o.e.m.c.i.embedder.EclipseLogger - Using platform encoding (UTF-8 actually) to copy filtered resources, i.e. build is platform dependent!
2022-01-04 15:03:58,444 [Worker-48] INFO  o.e.m.c.i.embedder.EclipseLogger - Copying 0 resource
2022-01-04 15:03:58,453 [Worker-48] WARN  o.e.m.c.i.embedder.EclipseLogger - Using platform encoding (UTF-8 actually) to copy filtered resources, i.e. build is platform dependent!
2022-01-04 15:03:58,456 [Worker-48] INFO  o.e.m.c.i.embedder.EclipseLogger - Copying 0 resource
2022-01-04 15:04:18,770 [Worker-55] WARN  o.e.m.c.i.embedder.EclipseLogger - Using platform encoding (UTF-8 actually) to copy filtered resources, i.e. build is platform dependent!
2022-01-04 15:04:18,772 [Worker-55] INFO  o.e.m.c.i.embedder.EclipseLogger - Copying 0 resource
2022-01-04 15:04:18,790 [Worker-55] WARN  o.e.m.c.i.embedder.EclipseLogger - Using platform encoding (UTF-8 actually) to copy filtered resources, i.e. build is platform dependent!
2022-01-04 15:04:18,796 [Worker-55] INFO  o.e.m.c.i.embedder.EclipseLogger - Copying 0 resource
2022-01-04 15:04:52,378 [Worker-60] WARN  o.e.m.c.i.embedder.EclipseLogger - Using platform encoding (UTF-8 actually) to copy filtered resources, i.e. build is platform dependent!
2022-01-04 15:04:52,381 [Worker-60] INFO  o.e.m.c.i.embedder.EclipseLogger - Copying 0 resource
2022-01-04 15:04:52,386 [Worker-60] WARN  o.e.m.c.i.embedder.EclipseLogger - Using platform encoding (UTF-8 actually) to copy filtered resources, i.e. build is platform dependent!
2022-01-04 15:04:52,389 [Worker-60] INFO  o.e.m.c.i.embedder.EclipseLogger - Copying 0 resource
2022-01-04 15:05:29,455 [Worker-56] WARN  o.e.m.c.i.embedder.EclipseLogger - Using platform encoding (UTF-8 actually) to copy filtered resources, i.e. build is platform dependent!
2022-01-04 15:05:29,457 [Worker-56] INFO  o.e.m.c.i.embedder.EclipseLogger - Copying 0 resource
2022-01-04 15:05:29,459 [Worker-56] WARN  o.e.m.c.i.embedder.EclipseLogger - Using platform encoding (UTF-8 actually) to copy filtered resources, i.e. build is platform dependent!
2022-01-04 15:05:29,462 [Worker-56] INFO  o.e.m.c.i.embedder.EclipseLogger - Copying 0 resource
2022-01-04 15:06:26,957 [Worker-48] WARN  o.e.m.c.i.embedder.EclipseLogger - Using platform encoding (UTF-8 actually) to copy filtered resources, i.e. build is platform dependent!
2022-01-04 15:06:26,959 [Worker-48] INFO  o.e.m.c.i.embedder.EclipseLogger - Copying 0 resource
2022-01-04 15:06:26,962 [Worker-48] WARN  o.e.m.c.i.embedder.EclipseLogger - Using platform encoding (UTF-8 actually) to copy filtered resources, i.e. build is platform dependent!
2022-01-04 15:06:26,964 [Worker-48] INFO  o.e.m.c.i.embedder.EclipseLogger - Copying 0 resource
2022-01-04 15:08:21,408 [Worker-60] WARN  o.e.m.c.i.embedder.EclipseLogger - Using platform encoding (UTF-8 actually) to copy filtered resources, i.e. build is platform dependent!
2022-01-04 15:08:21,411 [Worker-60] INFO  o.e.m.c.i.embedder.EclipseLogger - Copying 0 resource
2022-01-04 15:08:21,413 [Worker-60] WARN  o.e.m.c.i.embedder.EclipseLogger - Using platform encoding (UTF-8 actually) to copy filtered resources, i.e. build is platform dependent!
2022-01-04 15:08:21,416 [Worker-60] INFO  o.e.m.c.i.embedder.EclipseLogger - Copying 0 resource
2022-01-04 15:09:41,340 [Worker-55] WARN  o.e.m.c.i.embedder.EclipseLogger - Using platform encoding (UTF-8 actually) to copy filtered resources, i.e. build is platform dependent!
2022-01-04 15:09:41,342 [Worker-55] INFO  o.e.m.c.i.embedder.EclipseLogger - Copying 0 resource
2022-01-04 15:09:41,345 [Worker-55] WARN  o.e.m.c.i.embedder.EclipseLogger - Using platform encoding (UTF-8 actually) to copy filtered resources, i.e. build is platform dependent!
2022-01-04 15:09:41,350 [Worker-55] INFO  o.e.m.c.i.embedder.EclipseLogger - Copying 0 resource
2022-01-04 15:11:11,492 [Worker-62] WARN  o.e.m.c.i.embedder.EclipseLogger - Using platform encoding (UTF-8 actually) to copy filtered resources, i.e. build is platform dependent!
2022-01-04 15:11:11,494 [Worker-62] INFO  o.e.m.c.i.embedder.EclipseLogger - Copying 0 resource
2022-01-04 15:11:11,497 [Worker-62] WARN  o.e.m.c.i.embedder.EclipseLogger - Using platform encoding (UTF-8 actually) to copy filtered resources, i.e. build is platform dependent!
2022-01-04 15:11:11,501 [Worker-62] INFO  o.e.m.c.i.embedder.EclipseLogger - Copying 0 resource
2022-01-04 15:14:33,240 [Worker-48] WARN  o.e.m.c.i.embedder.EclipseLogger - Using platform encoding (UTF-8 actually) to copy filtered resources, i.e. build is platform dependent!
2022-01-04 15:14:33,244 [Worker-48] INFO  o.e.m.c.i.embedder.EclipseLogger - Copying 0 resource
2022-01-04 15:14:33,247 [Worker-48] WARN  o.e.m.c.i.embedder.EclipseLogger - Using platform encoding (UTF-8 actually) to copy filtered resources, i.e. build is platform dependent!
2022-01-04 15:14:33,259 [Worker-48] INFO  o.e.m.c.i.embedder.EclipseLogger - Copying 1 resource
2022-01-04 15:14:58,954 [Worker-62] WARN  o.e.m.c.i.embedder.EclipseLogger - Using platform encoding (UTF-8 actually) to copy filtered resources, i.e. build is platform dependent!
2022-01-04 15:14:59,009 [Worker-62] INFO  o.e.m.c.i.embedder.EclipseLogger - Copying 0 resource
2022-01-04 15:14:59,013 [Worker-62] WARN  o.e.m.c.i.embedder.EclipseLogger - Using platform encoding (UTF-8 actually) to copy filtered resources, i.e. build is platform dependent!
2022-01-04 15:14:59,017 [Worker-62] INFO  o.e.m.c.i.embedder.EclipseLogger - Copying 1 resource
2022-01-04 15:18:19,871 [Worker-62] WARN  o.e.m.c.i.embedder.EclipseLogger - Using platform encoding (UTF-8 actually) to copy filtered resources, i.e. build is platform dependent!
2022-01-04 15:18:19,874 [Worker-62] INFO  o.e.m.c.i.embedder.EclipseLogger - Copying 0 resource
2022-01-04 15:18:19,878 [Worker-62] WARN  o.e.m.c.i.embedder.EclipseLogger - Using platform encoding (UTF-8 actually) to copy filtered resources, i.e. build is platform dependent!
2022-01-04 15:18:19,881 [Worker-62] INFO  o.e.m.c.i.embedder.EclipseLogger - Copying 0 resource
2022-01-04 15:18:36,093 [Worker-65] WARN  o.e.m.c.i.embedder.EclipseLogger - Using platform encoding (UTF-8 actually) to copy filtered resources, i.e. build is platform dependent!
2022-01-04 15:18:36,095 [Worker-65] INFO  o.e.m.c.i.embedder.EclipseLogger - Copying 0 resource
2022-01-04 15:18:36,097 [Worker-65] WARN  o.e.m.c.i.embedder.EclipseLogger - Using platform encoding (UTF-8 actually) to copy filtered resources, i.e. build is platform dependent!
2022-01-04 15:18:36,101 [Worker-65] INFO  o.e.m.c.i.embedder.EclipseLogger - Copying 0 resource
2022-01-04 15:21:01,337 [Worker-65] WARN  o.e.m.c.i.embedder.EclipseLogger - Using platform encoding (UTF-8 actually) to copy filtered resources, i.e. build is platform dependent!
2022-01-04 15:21:01,339 [Worker-65] INFO  o.e.m.c.i.embedder.EclipseLogger - Copying 0 resource
2022-01-04 15:21:01,341 [Worker-65] WARN  o.e.m.c.i.embedder.EclipseLogger - Using platform encoding (UTF-8 actually) to copy filtered resources, i.e. build is platform dependent!
2022-01-04 15:21:01,344 [Worker-65] INFO  o.e.m.c.i.embedder.EclipseLogger - Copying 0 resource
2022-01-04 15:21:23,783 [Worker-67] WARN  o.e.m.c.i.embedder.EclipseLogger - Using platform encoding (UTF-8 actually) to copy filtered resources, i.e. build is platform dependent!
2022-01-04 15:21:23,785 [Worker-67] INFO  o.e.m.c.i.embedder.EclipseLogger - Copying 0 resource
2022-01-04 15:21:23,786 [Worker-67] WARN  o.e.m.c.i.embedder.EclipseLogger - Using platform encoding (UTF-8 actually) to copy filtered resources, i.e. build is platform dependent!
2022-01-04 15:21:23,789 [Worker-67] INFO  o.e.m.c.i.embedder.EclipseLogger - Copying 0 resource
2022-01-04 16:03:40,245 [Worker-91] WARN  o.e.m.c.i.embedder.EclipseLogger - Using platform encoding (UTF-8 actually) to copy filtered resources, i.e. build is platform dependent!
2022-01-04 16:03:40,249 [Worker-91] INFO  o.e.m.c.i.embedder.EclipseLogger - Copying 0 resource
2022-01-04 16:03:40,253 [Worker-91] WARN  o.e.m.c.i.embedder.EclipseLogger - Using platform encoding (UTF-8 actually) to copy filtered resources, i.e. build is platform dependent!
2022-01-04 16:03:40,256 [Worker-91] INFO  o.e.m.c.i.embedder.EclipseLogger - Copying 0 resource
2022-01-04 16:03:46,097 [Worker-90] WARN  o.e.m.c.i.embedder.EclipseLogger - Using platform encoding (UTF-8 actually) to copy filtered resources, i.e. build is platform dependent!
2022-01-04 16:03:46,099 [Worker-90] INFO  o.e.m.c.i.embedder.EclipseLogger - Copying 0 resource
2022-01-04 16:03:46,102 [Worker-90] WARN  o.e.m.c.i.embedder.EclipseLogger - Using platform encoding (UTF-8 actually) to copy filtered resources, i.e. build is platform dependent!
2022-01-04 16:03:46,105 [Worker-90] INFO  o.e.m.c.i.embedder.EclipseLogger - Copying 0 resource
2022-01-04 16:04:54,374 [Worker-90] WARN  o.e.m.c.i.embedder.EclipseLogger - Using platform encoding (UTF-8 actually) to copy filtered resources, i.e. build is platform dependent!
2022-01-04 16:04:54,376 [Worker-90] INFO  o.e.m.c.i.embedder.EclipseLogger - Copying 0 resource
2022-01-04 16:04:54,379 [Worker-90] WARN  o.e.m.c.i.embedder.EclipseLogger - Using platform encoding (UTF-8 actually) to copy filtered resources, i.e. build is platform dependent!
2022-01-04 16:04:54,381 [Worker-90] INFO  o.e.m.c.i.embedder.EclipseLogger - Copying 0 resource
2022-01-04 16:05:10,829 [Worker-88] WARN  o.e.m.c.i.embedder.EclipseLogger - Using platform encoding (UTF-8 actually) to copy filtered resources, i.e. build is platform dependent!
2022-01-04 16:05:10,831 [Worker-88] INFO  o.e.m.c.i.embedder.EclipseLogger - Copying 0 resource
2022-01-04 16:05:10,833 [Worker-88] WARN  o.e.m.c.i.embedder.EclipseLogger - Using platform encoding (UTF-8 actually) to copy filtered resources, i.e. build is platform dependent!
2022-01-04 16:05:10,835 [Worker-88] INFO  o.e.m.c.i.embedder.EclipseLogger - Copying 0 resource
2022-01-04 16:05:20,164 [Worker-91] WARN  o.e.m.c.i.embedder.EclipseLogger - Using platform encoding (UTF-8 actually) to copy filtered resources, i.e. build is platform dependent!
2022-01-04 16:05:20,166 [Worker-91] INFO  o.e.m.c.i.embedder.EclipseLogger - Copying 0 resource
2022-01-04 16:05:20,174 [Worker-91] WARN  o.e.m.c.i.embedder.EclipseLogger - Using platform encoding (UTF-8 actually) to copy filtered resources, i.e. build is platform dependent!
2022-01-04 16:05:20,176 [Worker-91] INFO  o.e.m.c.i.embedder.EclipseLogger - Copying 0 resource
2022-01-04 16:05:34,926 [Worker-84] WARN  o.e.m.c.i.embedder.EclipseLogger - Using platform encoding (UTF-8 actually) to copy filtered resources, i.e. build is platform dependent!
2022-01-04 16:05:34,928 [Worker-84] INFO  o.e.m.c.i.embedder.EclipseLogger - Copying 0 resource
2022-01-04 16:05:34,930 [Worker-84] WARN  o.e.m.c.i.embedder.EclipseLogger - Using platform encoding (UTF-8 actually) to copy filtered resources, i.e. build is platform dependent!
2022-01-04 16:05:34,935 [Worker-84] INFO  o.e.m.c.i.embedder.EclipseLogger - Copying 0 resource
2022-01-04 16:38:05,561 [Worker-97] WARN  o.e.m.c.i.embedder.EclipseLogger - Using platform encoding (UTF-8 actually) to copy filtered resources, i.e. build is platform dependent!
2022-01-04 16:38:05,564 [Worker-97] INFO  o.e.m.c.i.embedder.EclipseLogger - Copying 0 resource
2022-01-04 16:38:05,567 [Worker-97] WARN  o.e.m.c.i.embedder.EclipseLogger - Using platform encoding (UTF-8 actually) to copy filtered resources, i.e. build is platform dependent!
2022-01-04 16:38:05,569 [Worker-97] INFO  o.e.m.c.i.embedder.EclipseLogger - Copying 0 resource
2022-01-04 16:41:38,977 [Worker-101] WARN  o.e.m.c.i.embedder.EclipseLogger - Using platform encoding (UTF-8 actually) to copy filtered resources, i.e. build is platform dependent!
2022-01-04 16:41:38,979 [Worker-101] INFO  o.e.m.c.i.embedder.EclipseLogger - Copying 0 resource
2022-01-04 16:41:38,982 [Worker-101] WARN  o.e.m.c.i.embedder.EclipseLogger - Using platform encoding (UTF-8 actually) to copy filtered resources, i.e. build is platform dependent!
2022-01-04 16:41:38,984 [Worker-101] INFO  o.e.m.c.i.embedder.EclipseLogger - Copying 0 resource
2022-01-04 16:43:14,987 [Worker-100] WARN  o.e.m.c.i.embedder.EclipseLogger - Using platform encoding (UTF-8 actually) to copy filtered resources, i.e. build is platform dependent!
2022-01-04 16:43:14,989 [Worker-100] INFO  o.e.m.c.i.embedder.EclipseLogger - Copying 0 resource
2022-01-04 16:43:14,992 [Worker-100] WARN  o.e.m.c.i.embedder.EclipseLogger - Using platform encoding (UTF-8 actually) to copy filtered resources, i.e. build is platform dependent!
2022-01-04 16:43:14,995 [Worker-100] INFO  o.e.m.c.i.embedder.EclipseLogger - Copying 0 resource
2022-01-04 16:44:38,532 [Worker-96] WARN  o.e.m.c.i.embedder.EclipseLogger - Using platform encoding (UTF-8 actually) to copy filtered resources, i.e. build is platform dependent!
2022-01-04 16:44:38,535 [Worker-96] INFO  o.e.m.c.i.embedder.EclipseLogger - Copying 0 resource
2022-01-04 16:44:38,537 [Worker-96] WARN  o.e.m.c.i.embedder.EclipseLogger - Using platform encoding (UTF-8 actually) to copy filtered resources, i.e. build is platform dependent!
2022-01-04 16:44:38,539 [Worker-96] INFO  o.e.m.c.i.embedder.EclipseLogger - Copying 0 resource
2022-01-04 16:45:52,932 [Worker-92] WARN  o.e.m.c.i.embedder.EclipseLogger - Using platform encoding (UTF-8 actually) to copy filtered resources, i.e. build is platform dependent!
2022-01-04 16:45:52,934 [Worker-92] INFO  o.e.m.c.i.embedder.EclipseLogger - Copying 0 resource
2022-01-04 16:45:52,936 [Worker-92] WARN  o.e.m.c.i.embedder.EclipseLogger - Using platform encoding (UTF-8 actually) to copy filtered resources, i.e. build is platform dependent!
2022-01-04 16:45:52,939 [Worker-92] INFO  o.e.m.c.i.embedder.EclipseLogger - Copying 0 resource
2022-01-04 17:14:23,182 [Worker-77] WARN  o.e.m.c.i.embedder.EclipseLogger - Using platform encoding (UTF-8 actually) to copy filtered resources, i.e. build is platform dependent!
2022-01-04 17:14:23,196 [Worker-77] INFO  o.e.m.c.i.embedder.EclipseLogger - Copying 19 resources
2022-01-04 17:14:23,226 [Worker-77] WARN  o.e.m.c.i.embedder.EclipseLogger - Using platform encoding (UTF-8 actually) to copy filtered resources, i.e. build is platform dependent!
2022-01-04 17:14:23,228 [Worker-77] INFO  o.e.m.c.i.embedder.EclipseLogger - Copying 0 resource
2022-01-04 17:17:01,853 [Worker-99] WARN  o.e.m.c.i.embedder.EclipseLogger - Using platform encoding (UTF-8 actually) to copy filtered resources, i.e. build is platform dependent!
2022-01-04 17:17:01,863 [Worker-99] INFO  o.e.m.c.i.embedder.EclipseLogger - Copying 19 resources
2022-01-04 17:17:01,871 [Worker-99] WARN  o.e.m.c.i.embedder.EclipseLogger - Using platform encoding (UTF-8 actually) to copy filtered resources, i.e. build is platform dependent!
2022-01-04 17:17:01,874 [Worker-99] INFO  o.e.m.c.i.embedder.EclipseLogger - Copying 0 resource
2022-01-04 17:17:27,170 [Worker-98] WARN  o.e.m.c.i.embedder.EclipseLogger - Using platform encoding (UTF-8 actually) to copy filtered resources, i.e. build is platform dependent!
2022-01-04 17:17:27,172 [Worker-98] INFO  o.e.m.c.i.embedder.EclipseLogger - Copying 1 resource
2022-01-04 17:17:27,179 [Worker-98] WARN  o.e.m.c.i.embedder.EclipseLogger - Using platform encoding (UTF-8 actually) to copy filtered resources, i.e. build is platform dependent!
2022-01-04 17:17:27,181 [Worker-98] INFO  o.e.m.c.i.embedder.EclipseLogger - Copying 0 resource
2022-01-04 17:17:29,259 [Worker-95] WARN  o.e.m.c.i.embedder.EclipseLogger - Using platform encoding (UTF-8 actually) to copy filtered resources, i.e. build is platform dependent!
2022-01-04 17:17:29,261 [Worker-95] INFO  o.e.m.c.i.embedder.EclipseLogger - Copying 1 resource
2022-01-04 17:17:29,266 [Worker-95] WARN  o.e.m.c.i.embedder.EclipseLogger - Using platform encoding (UTF-8 actually) to copy filtered resources, i.e. build is platform dependent!
2022-01-04 17:17:29,269 [Worker-95] INFO  o.e.m.c.i.embedder.EclipseLogger - Copying 0 resource
2022-01-04 17:17:30,387 [Worker-102] WARN  o.e.m.c.i.embedder.EclipseLogger - Using platform encoding (UTF-8 actually) to copy filtered resources, i.e. build is platform dependent!
2022-01-04 17:17:30,389 [Worker-102] INFO  o.e.m.c.i.embedder.EclipseLogger - Copying 1 resource
2022-01-04 17:17:30,394 [Worker-102] WARN  o.e.m.c.i.embedder.EclipseLogger - Using platform encoding (UTF-8 actually) to copy filtered resources, i.e. build is platform dependent!
2022-01-04 17:17:30,397 [Worker-102] INFO  o.e.m.c.i.embedder.EclipseLogger - Copying 0 resource
2022-01-04 17:17:51,567 [Worker-101] WARN  o.e.m.c.i.embedder.EclipseLogger - Using platform encoding (UTF-8 actually) to copy filtered resources, i.e. build is platform dependent!
2022-01-04 17:17:51,570 [Worker-101] INFO  o.e.m.c.i.embedder.EclipseLogger - Copying 1 resource
2022-01-04 17:17:51,575 [Worker-101] WARN  o.e.m.c.i.embedder.EclipseLogger - Using platform encoding (UTF-8 actually) to copy filtered resources, i.e. build is platform dependent!
2022-01-04 17:17:51,577 [Worker-101] INFO  o.e.m.c.i.embedder.EclipseLogger - Copying 0 resource
2022-01-04 17:20:27,404 [Worker-99] WARN  o.e.m.c.i.embedder.EclipseLogger - Using platform encoding (UTF-8 actually) to copy filtered resources, i.e. build is platform dependent!
2022-01-04 17:20:27,406 [Worker-99] INFO  o.e.m.c.i.embedder.EclipseLogger - Copying 0 resource
2022-01-04 17:20:27,408 [Worker-99] WARN  o.e.m.c.i.embedder.EclipseLogger - Using platform encoding (UTF-8 actually) to copy filtered resources, i.e. build is platform dependent!
2022-01-04 17:20:27,410 [Worker-99] INFO  o.e.m.c.i.embedder.EclipseLogger - Copying 0 resource
2022-01-05 09:49:30,796 [Worker-8] WARN  o.e.m.c.i.embedder.EclipseLogger - Using platform encoding (UTF-8 actually) to copy filtered resources, i.e. build is platform dependent!
2022-01-05 09:49:30,855 [Worker-8] INFO  o.e.m.c.i.embedder.EclipseLogger - Copying 19 resources
2022-01-05 09:49:31,036 [Worker-8] WARN  o.e.m.c.i.embedder.EclipseLogger - Using platform encoding (UTF-8 actually) to copy filtered resources, i.e. build is platform dependent!
2022-01-05 09:49:31,038 [Worker-8] INFO  o.e.m.c.i.embedder.EclipseLogger - Copying 1 resource
2022-01-05 09:50:54,078 [Worker-2] INFO  c.g.t.t.d.PublishedGradleVersions - Gradle version information cache is up-to-date. Trying to read.
2022-01-05 10:23:04,139 [Worker-37] WARN  o.e.m.c.i.embedder.EclipseLogger - Using platform encoding (UTF-8 actually) to copy filtered resources, i.e. build is platform dependent!
2022-01-05 10:23:04,153 [Worker-37] INFO  o.e.m.c.i.embedder.EclipseLogger - Copying 1 resource
2022-01-05 10:23:04,161 [Worker-37] WARN  o.e.m.c.i.embedder.EclipseLogger - Using platform encoding (UTF-8 actually) to copy filtered resources, i.e. build is platform dependent!
2022-01-05 10:23:04,163 [Worker-37] INFO  o.e.m.c.i.embedder.EclipseLogger - Copying 0 resource
2022-01-05 10:29:18,084 [Worker-37] WARN  o.e.m.c.i.embedder.EclipseLogger - Using platform encoding (UTF-8 actually) to copy filtered resources, i.e. build is platform dependent!
2022-01-05 10:29:18,086 [Worker-37] INFO  o.e.m.c.i.embedder.EclipseLogger - Copying 1 resource
2022-01-05 10:29:18,094 [Worker-37] WARN  o.e.m.c.i.embedder.EclipseLogger - Using platform encoding (UTF-8 actually) to copy filtered resources, i.e. build is platform dependent!
2022-01-05 10:29:18,096 [Worker-37] INFO  o.e.m.c.i.embedder.EclipseLogger - Copying 0 resource
2022-01-05 10:30:47,748 [Worker-38] WARN  o.e.m.c.i.embedder.EclipseLogger - Using platform encoding (UTF-8 actually) to copy filtered resources, i.e. build is platform dependent!
2022-01-05 10:30:47,757 [Worker-38] INFO  o.e.m.c.i.embedder.EclipseLogger - Copying 1 resource
2022-01-05 10:30:47,764 [Worker-38] WARN  o.e.m.c.i.embedder.EclipseLogger - Using platform encoding (UTF-8 actually) to copy filtered resources, i.e. build is platform dependent!
2022-01-05 10:30:47,767 [Worker-38] INFO  o.e.m.c.i.embedder.EclipseLogger - Copying 0 resource
2022-01-05 10:31:42,929 [Worker-35] WARN  o.e.m.c.i.embedder.EclipseLogger - Using platform encoding (UTF-8 actually) to copy filtered resources, i.e. build is platform dependent!
2022-01-05 10:31:42,933 [Worker-35] INFO  o.e.m.c.i.embedder.EclipseLogger - Copying 1 resource
2022-01-05 10:31:42,943 [Worker-35] WARN  o.e.m.c.i.embedder.EclipseLogger - Using platform encoding (UTF-8 actually) to copy filtered resources, i.e. build is platform dependent!
2022-01-05 10:31:42,945 [Worker-35] INFO  o.e.m.c.i.embedder.EclipseLogger - Copying 0 resource
2022-01-05 10:32:03,064 [Worker-40] WARN  o.e.m.c.i.embedder.EclipseLogger - Using platform encoding (UTF-8 actually) to copy filtered resources, i.e. build is platform dependent!
2022-01-05 10:32:03,067 [Worker-40] INFO  o.e.m.c.i.embedder.EclipseLogger - Copying 1 resource
2022-01-05 10:32:03,076 [Worker-40] WARN  o.e.m.c.i.embedder.EclipseLogger - Using platform encoding (UTF-8 actually) to copy filtered resources, i.e. build is platform dependent!
2022-01-05 10:32:03,079 [Worker-40] INFO  o.e.m.c.i.embedder.EclipseLogger - Copying 0 resource
2022-01-05 10:33:12,564 [Worker-30] WARN  o.e.m.c.i.embedder.EclipseLogger - Using platform encoding (UTF-8 actually) to copy filtered resources, i.e. build is platform dependent!
2022-01-05 10:33:12,567 [Worker-30] INFO  o.e.m.c.i.embedder.EclipseLogger - Copying 1 resource
2022-01-05 10:33:12,579 [Worker-30] WARN  o.e.m.c.i.embedder.EclipseLogger - Using platform encoding (UTF-8 actually) to copy filtered resources, i.e. build is platform dependent!
2022-01-05 10:33:12,581 [Worker-30] INFO  o.e.m.c.i.embedder.EclipseLogger - Copying 0 resource
2022-01-05 10:33:19,990 [Worker-38] WARN  o.e.m.c.i.embedder.EclipseLogger - Using platform encoding (UTF-8 actually) to copy filtered resources, i.e. build is platform dependent!
2022-01-05 10:33:20,014 [Worker-38] INFO  o.e.m.c.i.embedder.EclipseLogger - Copying 19 resources
2022-01-05 10:33:20,055 [Worker-38] WARN  o.e.m.c.i.embedder.EclipseLogger - Using platform encoding (UTF-8 actually) to copy filtered resources, i.e. build is platform dependent!
2022-01-05 10:33:20,059 [Worker-38] INFO  o.e.m.c.i.embedder.EclipseLogger - Copying 0 resource
2022-01-05 10:37:49,716 [Worker-22] WARN  o.e.m.c.i.embedder.EclipseLogger - Using platform encoding (UTF-8 actually) to copy filtered resources, i.e. build is platform dependent!
2022-01-05 10:37:49,727 [Worker-22] INFO  o.e.m.c.i.embedder.EclipseLogger - Copying 0 resource
2022-01-05 10:37:49,743 [Worker-22] WARN  o.e.m.c.i.embedder.EclipseLogger - Using platform encoding (UTF-8 actually) to copy filtered resources, i.e. build is platform dependent!
2022-01-05 10:37:49,747 [Worker-22] INFO  o.e.m.c.i.embedder.EclipseLogger - Copying 0 resource
2022-01-05 11:12:46,805 [Worker-52] WARN  o.e.m.c.i.embedder.EclipseLogger - Using platform encoding (UTF-8 actually) to copy filtered resources, i.e. build is platform dependent!
2022-01-05 11:12:46,808 [Worker-52] INFO  o.e.m.c.i.embedder.EclipseLogger - Copying 0 resource
2022-01-05 11:12:46,811 [Worker-52] WARN  o.e.m.c.i.embedder.EclipseLogger - Using platform encoding (UTF-8 actually) to copy filtered resources, i.e. build is platform dependent!
2022-01-05 11:12:46,814 [Worker-52] INFO  o.e.m.c.i.embedder.EclipseLogger - Copying 0 resource
2022-01-05 11:12:47,846 [Worker-51] WARN  o.e.m.c.i.embedder.EclipseLogger - Using platform encoding (UTF-8 actually) to copy filtered resources, i.e. build is platform dependent!
2022-01-05 11:12:47,849 [Worker-51] INFO  o.e.m.c.i.embedder.EclipseLogger - Copying 0 resource
2022-01-05 11:12:47,851 [Worker-51] WARN  o.e.m.c.i.embedder.EclipseLogger - Using platform encoding (UTF-8 actually) to copy filtered resources, i.e. build is platform dependent!
2022-01-05 11:12:47,854 [Worker-51] INFO  o.e.m.c.i.embedder.EclipseLogger - Copying 0 resource
2022-01-05 11:12:54,726 [Worker-54] WARN  o.e.m.c.i.embedder.EclipseLogger - Using platform encoding (UTF-8 actually) to copy filtered resources, i.e. build is platform dependent!
2022-01-05 11:12:54,729 [Worker-54] INFO  o.e.m.c.i.embedder.EclipseLogger - Copying 0 resource
2022-01-05 11:12:54,731 [Worker-54] WARN  o.e.m.c.i.embedder.EclipseLogger - Using platform encoding (UTF-8 actually) to copy filtered resources, i.e. build is platform dependent!
2022-01-05 11:12:54,734 [Worker-54] INFO  o.e.m.c.i.embedder.EclipseLogger - Copying 0 resource
2022-01-05 11:16:28,895 [Worker-53] WARN  o.e.m.c.i.embedder.EclipseLogger - Using platform encoding (UTF-8 actually) to copy filtered resources, i.e. build is platform dependent!
2022-01-05 11:16:28,898 [Worker-53] INFO  o.e.m.c.i.embedder.EclipseLogger - Copying 0 resource
2022-01-05 11:16:28,899 [Worker-53] WARN  o.e.m.c.i.embedder.EclipseLogger - Using platform encoding (UTF-8 actually) to copy filtered resources, i.e. build is platform dependent!
